  main.cpp
main.cpp(221): warning C4244: инициализация: преобразование "double" в "int", возможна потеря данных
main.cpp(312): warning C4244: =: преобразование "double" в "int", возможна потеря данных
main.cpp(314): warning C4244: =: преобразование "double" в "int", возможна потеря данных
main.cpp(698): warning C4244: =: преобразование "const IloNum" в "int", возможна потеря данных
  Создание кода
  6 of 140 functions ( 4.3%) were compiled, the rest were copied from previous compilation.
    0 functions were new in current compilation
    3 functions had inline decision re-evaluated but remain unchanged
  Создание кода завершено
concert.lib(ilosstructi.obj) : warning LNK4099: "concert.pdb" PDB не найден с "concert.lib(ilosstructi.obj)" или на "C:\Users\Doronin Roman\Documents\Visual Studio 2015\Projects\VaryaRat\x64\Release\concert.pdb"; компоновка объекта выполняется как при отсутствии отладочных данных
concert.lib(ilohash.obj) : warning LNK4099: "concert.pdb" PDB не найден с "concert.lib(ilohash.obj)" или на "C:\Users\Doronin Roman\Documents\Visual Studio 2015\Projects\VaryaRat\x64\Release\concert.pdb"; компоновка объекта выполняется как при отсутствии отладочных данных
concert.lib(iloalg.obj) : warning LNK4099: "concert.pdb" PDB не найден с "concert.lib(iloalg.obj)" или на "C:\Users\Doronin Roman\Documents\Visual Studio 2015\Projects\VaryaRat\x64\Release\concert.pdb"; компоновка объекта выполняется как при отсутствии отладочных данных
concert.lib(iloenv.obj) : warning LNK4099: "concert.pdb" PDB не найден с "concert.lib(iloenv.obj)" или на "C:\Users\Doronin Roman\Documents\Visual Studio 2015\Projects\VaryaRat\x64\Release\concert.pdb"; компоновка объекта выполняется как при отсутствии отладочных данных
concert.lib(ilostimei.obj) : warning LNK4099: "concert.pdb" PDB не найден с "concert.lib(ilostimei.obj)" или на "C:\Users\Doronin Roman\Documents\Visual Studio 2015\Projects\VaryaRat\x64\Release\concert.pdb"; компоновка объекта выполняется как при отсутствии отладочных данных
concert.lib(iloallocator.obj) : warning LNK4099: "concert.pdb" PDB не найден с "concert.lib(iloallocator.obj)" или на "C:\Users\Doronin Roman\Documents\Visual Studio 2015\Projects\VaryaRat\x64\Release\concert.pdb"; компоновка объекта выполняется как при отсутствии отладочных данных
concert.lib(ilosatomi.obj) : warning LNK4099: "concert.pdb" PDB не найден с "concert.lib(ilosatomi.obj)" или на "C:\Users\Doronin Roman\Documents\Visual Studio 2015\Projects\VaryaRat\x64\Release\concert.pdb"; компоновка объекта выполняется как при отсутствии отладочных данных
concert.lib(iloserror.obj) : warning LNK4099: "concert.pdb" PDB не найден с "concert.lib(iloserror.obj)" или на "C:\Users\Doronin Roman\Documents\Visual Studio 2015\Projects\VaryaRat\x64\Release\concert.pdb"; компоновка объекта выполняется как при отсутствии отладочных данных
concert.lib(ilosdisplayi.obj) : warning LNK4099: "concert.pdb" PDB не найден с "concert.lib(ilosdisplayi.obj)" или на "C:\Users\Doronin Roman\Documents\Visual Studio 2015\Projects\VaryaRat\x64\Release\concert.pdb"; компоновка объекта выполняется как при отсутствии отладочных данных
concert.lib(ilorandom.obj) : warning LNK4099: "concert.pdb" PDB не найден с "concert.lib(ilorandom.obj)" или на "C:\Users\Doronin Roman\Documents\Visual Studio 2015\Projects\VaryaRat\x64\Release\concert.pdb"; компоновка объекта выполняется как при отсутствии отладочных данных
concert.lib(ilothread.obj) : warning LNK4099: "concert.pdb" PDB не найден с "concert.lib(ilothread.obj)" или на "C:\Users\Doronin Roman\Documents\Visual Studio 2015\Projects\VaryaRat\x64\Release\concert.pdb"; компоновка объекта выполняется как при отсутствии отладочных данных
concert.lib(ilossol.obj) : warning LNK4099: "concert.pdb" PDB не найден с "concert.lib(ilossol.obj)" или на "C:\Users\Doronin Roman\Documents\Visual Studio 2015\Projects\VaryaRat\x64\Release\concert.pdb"; компоновка объекта выполняется как при отсутствии отладочных данных
concert.lib(ilotypes.obj) : warning LNK4099: "concert.pdb" PDB не найден с "concert.lib(ilotypes.obj)" или на "C:\Users\Doronin Roman\Documents\Visual Studio 2015\Projects\VaryaRat\x64\Release\concert.pdb"; компоновка объекта выполняется как при отсутствии отладочных данных
concert.lib(iloexpression.obj) : warning LNK4099: "concert.pdb" PDB не найден с "concert.lib(iloexpression.obj)" или на "C:\Users\Doronin Roman\Documents\Visual Studio 2015\Projects\VaryaRat\x64\Release\concert.pdb"; компоновка объекта выполняется как при отсутствии отладочных данных
concert.lib(ilosbasic.obj) : warning LNK4099: "concert.pdb" PDB не найден с "concert.lib(ilosbasic.obj)" или на "C:\Users\Doronin Roman\Documents\Visual Studio 2015\Projects\VaryaRat\x64\Release\concert.pdb"; компоновка объекта выполняется как при отсутствии отладочных данных
concert.lib(iloset.obj) : warning LNK4099: "concert.pdb" PDB не найден с "concert.lib(iloset.obj)" или на "C:\Users\Doronin Roman\Documents\Visual Studio 2015\Projects\VaryaRat\x64\Release\concert.pdb"; компоновка объекта выполняется как при отсутствии отладочных данных
concert.lib(iloconstraint.obj) : warning LNK4099: "concert.pdb" PDB не найден с "concert.lib(iloconstraint.obj)" или на "C:\Users\Doronin Roman\Documents\Visual Studio 2015\Projects\VaryaRat\x64\Release\concert.pdb"; компоновка объекта выполняется как при отсутствии отладочных данных
concert.lib(iloanyexpr.obj) : warning LNK4099: "concert.pdb" PDB не найден с "concert.lib(iloanyexpr.obj)" или на "C:\Users\Doronin Roman\Documents\Visual Studio 2015\Projects\VaryaRat\x64\Release\concert.pdb"; компоновка объекта выполняется как при отсутствии отладочных данных
concert.lib(iloextractable.obj) : warning LNK4099: "concert.pdb" PDB не найден с "concert.lib(iloextractable.obj)" или на "C:\Users\Doronin Roman\Documents\Visual Studio 2015\Projects\VaryaRat\x64\Release\concert.pdb"; компоновка объекта выполняется как при отсутствии отладочных данных
concert.lib(ilomap.obj) : warning LNK4099: "concert.pdb" PDB не найден с "concert.lib(ilomap.obj)" или на "C:\Users\Doronin Roman\Documents\Visual Studio 2015\Projects\VaryaRat\x64\Release\concert.pdb"; компоновка объекта выполняется как при отсутствии отладочных данных
concert.lib(ilosmodel.obj) : warning LNK4099: "concert.pdb" PDB не найден с "concert.lib(ilosmodel.obj)" или на "C:\Users\Doronin Roman\Documents\Visual Studio 2015\Projects\VaryaRat\x64\Release\concert.pdb"; компоновка объекта выполняется как при отсутствии отладочных данных
concert.lib(ilosolution.obj) : warning LNK4099: "concert.pdb" PDB не найден с "concert.lib(ilosolution.obj)" или на "C:\Users\Doronin Roman\Documents\Visual Studio 2015\Projects\VaryaRat\x64\Release\concert.pdb"; компоновка объекта выполняется как при отсутствии отладочных данных
concert.lib(iloiterator.obj) : warning LNK4099: "concert.pdb" PDB не найден с "concert.lib(iloiterator.obj)" или на "C:\Users\Doronin Roman\Documents\Visual Studio 2015\Projects\VaryaRat\x64\Release\concert.pdb"; компоновка объекта выполняется как при отсутствии отладочных данных
concert.lib(ilossequencei.obj) : warning LNK4099: "concert.pdb" PDB не найден с "concert.lib(ilossequencei.obj)" или на "C:\Users\Doronin Roman\Documents\Visual Studio 2015\Projects\VaryaRat\x64\Release\concert.pdb"; компоновка объекта выполняется как при отсутствии отладочных данных
concert.lib(ilocollection.obj) : warning LNK4099: "concert.pdb" PDB не найден с "concert.lib(ilocollection.obj)" или на "C:\Users\Doronin Roman\Documents\Visual Studio 2015\Projects\VaryaRat\x64\Release\concert.pdb"; компоновка объекта выполняется как при отсутствии отладочных данных
concert.lib(ilocollectionstruct.obj) : warning LNK4099: "concert.pdb" PDB не найден с "concert.lib(ilocollectionstruct.obj)" или на "C:\Users\Doronin Roman\Documents\Visual Studio 2015\Projects\VaryaRat\x64\Release\concert.pdb"; компоновка объекта выполняется как при отсутствии отладочных данных
concert.lib(ilosimplecollection.obj) : warning LNK4099: "concert.pdb" PDB не найден с "concert.lib(ilosimplecollection.obj)" или на "C:\Users\Doronin Roman\Documents\Visual Studio 2015\Projects\VaryaRat\x64\Release\concert.pdb"; компоновка объекта выполняется как при отсутствии отладочных данных
concert.lib(ilocollectionoperator.obj) : warning LNK4099: "concert.pdb" PDB не найден с "concert.lib(ilocollectionoperator.obj)" или на "C:\Users\Doronin Roman\Documents\Visual Studio 2015\Projects\VaryaRat\x64\Release\concert.pdb"; компоновка объекта выполняется как при отсутствии отладочных данных
concert.lib(ilocollectioniterator.obj) : warning LNK4099: "concert.pdb" PDB не найден с "concert.lib(ilocollectioniterator.obj)" или на "C:\Users\Doronin Roman\Documents\Visual Studio 2015\Projects\VaryaRat\x64\Release\concert.pdb"; компоновка объекта выполняется как при отсутствии отладочных данных
concert.lib(iloskiplist.obj) : warning LNK4099: "concert.pdb" PDB не найден с "concert.lib(iloskiplist.obj)" или на "C:\Users\Doronin Roman\Documents\Visual Studio 2015\Projects\VaryaRat\x64\Release\concert.pdb"; компоновка объекта выполняется как при отсутствии отладочных данных
concert.lib(ilonumfunci.obj) : warning LNK4099: "concert.pdb" PDB не найден с "concert.lib(ilonumfunci.obj)" или на "C:\Users\Doronin Roman\Documents\Visual Studio 2015\Projects\VaryaRat\x64\Release\concert.pdb"; компоновка объекта выполняется как при отсутствии отладочных данных
concert.lib(iloparami.obj) : warning LNK4099: "concert.pdb" PDB не найден с "concert.lib(iloparami.obj)" или на "C:\Users\Doronin Roman\Documents\Visual Studio 2015\Projects\VaryaRat\x64\Release\concert.pdb"; компоновка объекта выполняется как при отсутствии отладочных данных
concert.lib(ilointervalsi.obj) : warning LNK4099: "concert.pdb" PDB не найден с "concert.lib(ilointervalsi.obj)" или на "C:\Users\Doronin Roman\Documents\Visual Studio 2015\Projects\VaryaRat\x64\Release\concert.pdb"; компоновка объекта выполняется как при отсутствии отладочных данных
concert.lib(evalkernel.obj) : warning LNK4099: "concert.pdb" PDB не найден с "concert.lib(evalkernel.obj)" или на "C:\Users\Doronin Roman\Documents\Visual Studio 2015\Projects\VaryaRat\x64\Release\concert.pdb"; компоновка объекта выполняется как при отсутствии отладочных данных
concert.lib(evaluator.obj) : warning LNK4099: "concert.pdb" PDB не найден с "concert.lib(evaluator.obj)" или на "C:\Users\Doronin Roman\Documents\Visual Studio 2015\Projects\VaryaRat\x64\Release\concert.pdb"; компоновка объекта выполняется как при отсутствии отладочных данных
concert.lib(evalexpand.obj) : warning LNK4099: "concert.pdb" PDB не найден с "concert.lib(evalexpand.obj)" или на "C:\Users\Doronin Roman\Documents\Visual Studio 2015\Projects\VaryaRat\x64\Release\concert.pdb"; компоновка объекта выполняется как при отсутствии отладочных данных
concert.lib(strtod.obj) : warning LNK4099: "concert.pdb" PDB не найден с "concert.lib(strtod.obj)" или на "C:\Users\Doronin Roman\Documents\Visual Studio 2015\Projects\VaryaRat\x64\Release\concert.pdb"; компоновка объекта выполняется как при отсутствии отладочных данных
  VaryaRat.vcxproj -> C:\Users\Doronin Roman\Documents\Visual Studio 2015\Projects\VaryaRat\x64\Release\VaryaRat.exe
  VaryaRat.vcxproj -> C:\Users\Doronin Roman\Documents\Visual Studio 2015\Projects\VaryaRat\x64\Release\VaryaRat.pdb (Full PDB)
